<?xml version="1.0" encoding="UTF-8"?>
<!-- Generated by org.testng.reporters.JUnitXMLReporter -->
<testsuite hostname="Dell-PC" ignored="0" name="Default test" tests="6" failures="0" timestamp="10 Dec 2018 14:11:11 GMT" time="62.851" errors="0">
  <testcase name="CreateComputer" time="6.051" classname="TestCasesPackage.TestCases"/>
  <testcase name="CreateComputer" time="2.781" classname="TestCasesPackage.TestCases"/>
  <testcase name="UpdateComputer" time="3.429" classname="TestCasesPackage.TestCases"/>
  <testcase name="UpdateComputer" time="4.407" classname="TestCasesPackage.TestCases"/>
  <testcase name="DeleteComputer" time="2.719" classname="TestCasesPackage.TestCases"/>
  <testcase name="DeleteComputer" time="2.322" classname="TestCasesPackage.TestCases"/>
</testsuite> <!-- Default test -->
